<?xml version="1.0" encoding="UTF-8"?>
<!-- Generated by org.testng.reporters.JUnitReportReporter -->
<testsuite hostname="shahabuddin" failures="0" tests="1" name="pages.HomePagesTest" time="15.820" errors="0" timestamp="2023-08-29T17:35:36 EDT" skipped="0">
  <testcase classname="pages.HomePagesTest" name="clickLogoTest" time="15.820"/>
</testsuite> <!-- pages.HomePagesTest -->
